# JRE version: Java(TM) SE Runtime Environment (8.0_181-b13) (build 1.8.0_181-b13)
# Java VM: Java HotSpot(TM) 64-Bit Server VM (25.181-b13 mixed mode bsd-amd64 compressed oops)
Heap:
 PSYoungGen      total 293888K, used 6821K [0x00000007db300000, 0x00000007f0800000, 0x00000007f0800000)
  eden space 238592K, 0% used [0x00000007db300000,0x00000007db300000,0x00000007e9c00000)
  from space 55296K, 12% used [0x00000007e9c00000,0x00000007ea2a94e8,0x00000007ed200000)
  to   space 51712K, 0% used [0x00000007ed580000,0x00000007ed580000,0x00000007f0800000)
 ParOldGen       total 699392K, used 140586K [0x00000007b0800000, 0x00000007db300000, 0x00000007db300000)
  object space 699392K, 20% used [0x00000007b0800000,0x00000007b914ab00,0x00000007db300000)
 Metaspace       used 143831K, capacity 163234K, committed 171284K, reserved 1198080K
  class space    used 19068K, capacity 20021K, committed 23316K, reserved 1048576K
GC Heap History (10 events):
Event: 3825.791 GC heap after
Heap after GC invocations=55 (full 25):
 PSYoungGen      total 291328K, used 0K [0x00000007db300000, 0x00000007f0800000, 0x00000007f0800000)
  eden space 230400K, 0% used [0x00000007db300000,0x00000007db300000,0x00000007e9400000)
  from space 60928K, 0% used [0x00000007ecc80000,0x00000007ecc80000,0x00000007f0800000)
  to   space 57856K, 0% used [0x00000007e9400000,0x00000007e9400000,0x00000007ecc80000)
 ParOldGen       total 699392K, used 143522K [0x00000007b0800000, 0x00000007db300000, 0x00000007db300000)
  object space 699392K, 20% used [0x00000007b0800000,0x00000007b9428af8,0x00000007db300000)
 Metaspace       used 131452K, capacity 148224K, committed 171028K, reserved 1198080K
  class space    used 17623K, capacity 18490K, committed 23316K, reserved 1048576K
}
Event: 3825.874 GC heap before
{Heap before GC invocations=56 (full 25):
 PSYoungGen      total 291328K, used 1857K [0x00000007db300000, 0x00000007f0800000, 0x00000007f0800000)
  eden space 230400K, 0% used [0x00000007db300000,0x00000007db4d05b8,0x00000007e9400000)
  from space 60928K, 0% used [0x00000007ecc80000,0x00000007ecc80000,0x00000007f0800000)
  to   space 57856K, 0% used [0x00000007e9400000,0x00000007e9400000,0x00000007ecc80000)
 ParOldGen       total 699392K, used 143522K [0x00000007b0800000, 0x00000007db300000, 0x00000007db300000)
  object space 699392K, 20% used [0x00000007b0800000,0x00000007b9428af8,0x00000007db300000)
 Metaspace       used 131454K, capacity 148224K, committed 171028K, reserved 1198080K
  class space    used 17623K, capacity 18490K, committed 23316K, reserved 1048576K
Event: 3825.880 GC heap after
Heap after GC invocations=56 (full 25):
 PSYoungGen      total 288256K, used 64K [0x00000007db300000, 0x00000007f0800000, 0x00000007f0800000)
  eden space 230400K, 0% used [0x00000007db300000,0x00000007db300000,0x00000007e9400000)
  from space 57856K, 0% used [0x00000007e9400000,0x00000007e9410000,0x00000007ecc80000)
  to   space 55296K, 0% used [0x00000007ed200000,0x00000007ed200000,0x00000007f0800000)
 ParOldGen       total 699392K, used 143522K [0x00000007b0800000, 0x00000007db300000, 0x00000007db300000)
  object space 699392K, 20% used [0x00000007b0800000,0x00000007b9428af8,0x00000007db300000)
 Metaspace       used 131454K, capacity 148224K, committed 171028K, reserved 1198080K
  class space    used 17623K, capacity 18490K, committed 23316K, reserved 1048576K
}
Event: 3825.880 GC heap before
{Heap before GC invocations=57 (full 26):
 PSYoungGen      total 288256K, used 64K [0x00000007db300000, 0x00000007f0800000, 0x00000007f0800000)
  eden space 230400K, 0% used [0x00000007db300000,0x00000007db300000,0x00000007e9400000)
  from space 57856K, 0% used [0x00000007e9400000,0x00000007e9410000,0x00000007ecc80000)
  to   space 55296K, 0% used [0x00000007ed200000,0x00000007ed200000,0x00000007f0800000)
 ParOldGen       total 699392K, used 143522K [0x00000007b0800000, 0x00000007db300000, 0x00000007db300000)
  object space 699392K, 20% used [0x00000007b0800000,0x00000007b9428af8,0x00000007db300000)
 Metaspace       used 131454K, capacity 148224K, committed 171028K, reserved 1198080K
  class space    used 17623K, capacity 18490K, committed 23316K, reserved 1048576K
Event: 3826.757 GC heap after
Heap after GC invocations=57 (full 26):
 PSYoungGen      total 288256K, used 0K [0x00000007db300000, 0x00000007f0800000, 0x00000007f0800000)
  eden space 230400K, 0% used [0x00000007db300000,0x00000007db300000,0x00000007e9400000)
  from space 57856K, 0% used [0x00000007e9400000,0x00000007e9400000,0x00000007ecc80000)
  to   space 55296K, 0% used [0x00000007ed200000,0x00000007ed200000,0x00000007f0800000)
 ParOldGen       total 699392K, used 140578K [0x00000007b0800000, 0x00000007db300000, 0x00000007db300000)
  object space 699392K, 20% used [0x00000007b0800000,0x00000007b9148b00,0x00000007db300000)
 Metaspace       used 131454K, capacity 148224K, committed 171028K, reserved 1198080K
  class space    used 17623K, capacity 18490K, committed 23316K, reserved 1048576K
}
Event: 3899.921 GC heap before
{Heap before GC invocations=58 (full 26):
 PSYoungGen      total 288256K, used 230400K [0x00000007db300000, 0x00000007f0800000, 0x00000007f0800000)
  eden space 230400K, 100% used [0x00000007db300000,0x00000007e9400000,0x00000007e9400000)
  from space 57856K, 0% used [0x00000007e9400000,0x00000007e9400000,0x00000007ecc80000)
  to   space 55296K, 0% used [0x00000007ed200000,0x00000007ed200000,0x00000007f0800000)
 ParOldGen       total 699392K, used 140578K [0x00000007b0800000, 0x00000007db300000, 0x00000007db300000)
  object space 699392K, 20% used [0x00000007b0800000,0x00000007b9148b00,0x00000007db300000)
 Metaspace       used 139673K, capacity 157978K, committed 171028K, reserved 1198080K
  class space    used 18483K, capacity 19410K, committed 23316K, reserved 1048576K
Event: 3900.175 GC heap after
Heap after GC invocations=58 (full 26):
 PSYoungGen      total 293888K, used 22853K [0x00000007db300000, 0x00000007f0800000, 0x00000007f0800000)
  eden space 238592K, 0% used [0x00000007db300000,0x00000007db300000,0x00000007e9c00000)
  from space 55296K, 41% used [0x00000007ed200000,0x00000007ee8514e0,0x00000007f0800000)
  to   space 55296K, 0% used [0x00000007e9c00000,0x00000007e9c00000,0x00000007ed200000)
 ParOldGen       total 699392K, used 140586K [0x00000007b0800000, 0x00000007db300000, 0x00000007db300000)
  object space 699392K, 20% used [0x00000007b0800000,0x00000007b914ab00,0x00000007db300000)
 Metaspace       used 139673K, capacity 157978K, committed 171028K, reserved 1198080K
  class space    used 18483K, capacity 19410K, committed 23316K, reserved 1048576K
}
Event: 3905.386 GC heap before
{Heap before GC invocations=59 (full 26):
 PSYoungGen      total 293888K, used 102972K [0x00000007db300000, 0x00000007f0800000, 0x00000007f0800000)
  eden space 238592K, 33% used [0x00000007db300000,0x00000007e013dbe8,0x00000007e9c00000)
  from space 55296K, 41% used [0x00000007ed200000,0x00000007ee8514e0,0x00000007f0800000)
  to   space 55296K, 0% used [0x00000007e9c00000,0x00000007e9c00000,0x00000007ed200000)
 ParOldGen       total 699392K, used 140586K [0x00000007b0800000, 0x00000007db300000, 0x00000007db300000)
  object space 699392K, 20% used [0x00000007b0800000,0x00000007b914ab00,0x00000007db300000)
 Metaspace       used 143831K, capacity 163234K, committed 171284K, reserved 1198080K
  class space    used 19068K, capacity 20021K, committed 23316K, reserved 1048576K
Event: 3905.490 GC heap after
Heap after GC invocations=59 (full 26):
 PSYoungGen      total 293888K, used 6821K [0x00000007db300000, 0x00000007f0800000, 0x00000007f0800000)
  eden space 238592K, 0% used [0x00000007db300000,0x00000007db300000,0x00000007e9c00000)
  from space 55296K, 12% used [0x00000007e9c00000,0x00000007ea2a94e8,0x00000007ed200000)
  to   space 51712K, 0% used [0x00000007ed580000,0x00000007ed580000,0x00000007f0800000)
 ParOldGen       total 699392K, used 140586K [0x00000007b0800000, 0x00000007db300000, 0x00000007db300000)
  object space 699392K, 20% used [0x00000007b0800000,0x00000007b914ab00,0x00000007db300000)
 Metaspace       used 143831K, capacity 163234K, committed 171284K, reserved 1198080K
  class space    used 19068K, capacity 20021K, committed 23316K, reserved 1048576K
}
Event: 3905.490 GC heap before
{Heap before GC invocations=60 (full 27):
 PSYoungGen      total 293888K, used 6821K [0x00000007db300000, 0x00000007f0800000, 0x00000007f0800000)
  eden space 238592K, 0% used [0x00000007db300000,0x00000007db300000,0x00000007e9c00000)
  from space 55296K, 12% used [0x00000007e9c00000,0x00000007ea2a94e8,0x00000007ed200000)
  to   space 51712K, 0% used [0x00000007ed580000,0x00000007ed580000,0x00000007f0800000)
 ParOldGen       total 699392K, used 140586K [0x00000007b0800000, 0x00000007db300000, 0x00000007db300000)
  object space 699392K, 20% used [0x00000007b0800000,0x00000007b914ab00,0x00000007db300000)
 Metaspace       used 143831K, capacity 163234K, committed 171284K, reserved 1198080K
  class space    used 19068K, capacity 20021K, committed 23316K, reserved 1048576K

